<?xml version="1.0" encoding="UTF-8"?>
<!-- Generated by org.testng.reporters.JUnitReportReporter -->
<testsuite hostname="RameshCh" failures="0" tests="5" name="com.qa.opencart.testcase.HomePageTest" time="15.635" errors="0" timestamp="2023-08-17T18:11:10 MST" skipped="0">
  <testcase classname="com.qa.opencart.testcase.HomePageTest" name="verifyOpencartLogoTest" time="0.159"/>
  <testcase classname="com.qa.opencart.testcase.HomePageTest" name="verifyOpencartPageTitleTest" time="0.056"/>
  <testcase classname="com.qa.opencart.testcase.HomePageTest" name="verifyFeaturedCardsCountTest" time="0.074"/>
  <testcase classname="com.qa.opencart.testcase.HomePageTest" name="navigateToRegistrationPageTest" time="7.927"/>
  <testcase classname="com.qa.opencart.testcase.HomePageTest" name="navigateToLoginPageTest" time="7.419"/>
</testsuite> <!-- com.qa.opencart.testcase.HomePageTest -->
