<?xml version="1.0" encoding="UTF-8"?>
<!-- Generated by org.testng.reporters.JUnitReportReporter -->
<testsuite hostname="RameshCh" failures="0" tests="9" name="com.qa.opencart.testcase.MyAccountPageTest" time="60.321" errors="0" timestamp="2023-08-17T18:11:10 MST" skipped="0">
  <testcase classname="com.qa.opencart.testcase.MyAccountPageTest" name="verifyMyAccountPageUrlTest" time="0.038"/>
  <testcase classname="com.qa.opencart.testcase.MyAccountPageTest" name="verifyMyAccountPageTitleTest" time="0.032"/>
  <testcase classname="com.qa.opencart.testcase.MyAccountPageTest" name="verifyMyAccountPageElementsTest" time="2.313"/>
  <testcase classname="com.qa.opencart.testcase.MyAccountPageTest" name="verifyMyAccountMenuOptionsTest" time="2.289"/>
  <testcase classname="com.qa.opencart.testcase.MyAccountPageTest" name="verifyMyAccountHeadersListTest" time="0.076"/>
  <testcase classname="com.qa.opencart.testcase.MyAccountPageTest" name="verifyBrokenLinksInMyAccountPageTest" time="40.353"/>
  <testcase classname="com.qa.opencart.testcase.MyAccountPageTest" name="PerformProductSearchTest" time="5.111"/>
  <testcase classname="com.qa.opencart.testcase.MyAccountPageTest" name="PerformProductSearchTest" time="5.090"/>
  <testcase classname="com.qa.opencart.testcase.MyAccountPageTest" name="PerformProductSearchTest" time="5.019"/>
</testsuite> <!-- com.qa.opencart.testcase.MyAccountPageTest -->
