<?xml version="1.0" encoding="UTF-8"?>
<!-- Generated by org.testng.reporters.JUnitReportReporter -->
<testsuite hostname="RameshCh" failures="0" tests="8" name="com.qa.opencart.testcase.LoginPageTest" time="28.837" errors="0" timestamp="2023-08-17T18:11:10 MST" skipped="0">
  <testcase classname="com.qa.opencart.testcase.LoginPageTest" name="logoutTest" time="7.596"/>
  <testcase classname="com.qa.opencart.testcase.LoginPageTest" name="verifyLoginPageUrlTest" time="0.041"/>
  <testcase classname="com.qa.opencart.testcase.LoginPageTest" name="verifyLoginPageTitleTest" time="0.036"/>
  <testcase classname="com.qa.opencart.testcase.LoginPageTest" name="verifyLoginPageElementsTest" time="0.184"/>
  <testcase classname="com.qa.opencart.testcase.LoginPageTest" name="navigateToRegistrationPageTest" time="3.348"/>
  <testcase classname="com.qa.opencart.testcase.LoginPageTest" name="navigateToForgotPasswordPageTest" time="2.926"/>
  <testcase classname="com.qa.opencart.testcase.LoginPageTest" name="emptyCredsLoginTest" time="7.177"/>
  <testcase classname="com.qa.opencart.testcase.LoginPageTest" name="happyPathLoginTest" time="7.529"/>
</testsuite> <!-- com.qa.opencart.testcase.LoginPageTest -->
